<?xml version="1.0" encoding="UTF-8"?>
<coverage generated="1613453200981" clover="3.2.0">
  <project timestamp="1613453200981" name="All files">
    <metrics statements="67" coveredstatements="63" conditionals="12" coveredconditionals="9" methods="22" coveredmethods="20" elements="101" coveredelements="92" complexity="0" loc="67" ncloc="67" packages="3" files="7" classes="7"/>
    <package name="components.transactions">
      <metrics statements="57" coveredstatements="56" conditionals="10" coveredconditionals="9" methods="19" coveredmethods="18"/>
      <file name="CreateTx.js" path="/Users/joshalling/personal/web-homework/webapp/src/components/transactions/CreateTx.js">
        <metrics statements="17" coveredstatements="16" conditionals="2" coveredconditionals="2" methods="7" coveredmethods="6"/>
        <line num="7" count="1" type="stmt"/>
        <line num="29" count="1" type="stmt"/>
        <line num="38" count="1" type="stmt"/>
        <line num="47" count="1" type="stmt"/>
        <line num="56" count="3" type="stmt"/>
        <line num="57" count="3" type="cond" truecount="1" falsecount="0"/>
        <line num="58" count="3" type="cond" truecount="1" falsecount="0"/>
        <line num="59" count="3" type="stmt"/>
        <line num="61" count="3" type="stmt"/>
        <line num="62" count="1" type="stmt"/>
        <line num="63" count="1" type="stmt"/>
        <line num="64" count="1" type="stmt"/>
        <line num="67" count="1" type="stmt"/>
        <line num="70" count="0" type="stmt"/>
        <line num="78" count="3" type="stmt"/>
        <line num="79" count="1" type="stmt"/>
        <line num="82" count="3" type="stmt"/>
      </file>
      <file name="TxCharts.js" path="/Users/joshalling/personal/web-homework/webapp/src/components/transactions/TxCharts.js">
        <metrics statements="5" coveredstatements="5" conditionals="0" coveredconditionals="0" methods="1" coveredmethods="1"/>
        <line num="8" count="1" type="stmt"/>
        <line num="28" count="1" type="stmt"/>
        <line num="29" count="1" type="stmt"/>
        <line num="30" count="1" type="stmt"/>
        <line num="31" count="1" type="stmt"/>
      </file>
      <file name="TxForm.js" path="/Users/joshalling/personal/web-homework/webapp/src/components/transactions/TxForm.js">
        <metrics statements="11" coveredstatements="11" conditionals="0" coveredconditionals="0" methods="4" coveredmethods="4"/>
        <line num="5" count="2" type="stmt"/>
        <line num="28" count="2" type="stmt"/>
        <line num="35" count="5" type="stmt"/>
        <line num="37" count="5" type="stmt"/>
        <line num="38" count="2" type="stmt"/>
        <line num="39" count="2" type="stmt"/>
        <line num="42" count="5" type="stmt"/>
        <line num="63" count="1" type="stmt"/>
        <line num="70" count="1" type="stmt"/>
        <line num="80" count="2" type="stmt"/>
        <line num="84" count="2" type="stmt"/>
      </file>
      <file name="TxTable.js" path="/Users/joshalling/personal/web-homework/webapp/src/components/transactions/TxTable.js">
        <metrics statements="6" coveredstatements="6" conditionals="4" coveredconditionals="3" methods="3" coveredmethods="3"/>
        <line num="5" count="1" type="stmt"/>
        <line num="15" count="42" type="stmt"/>
        <line num="18" count="6" type="stmt"/>
        <line num="32" count="6" type="stmt"/>
        <line num="33" count="6" type="stmt"/>
        <line num="52" count="1" type="stmt"/>
      </file>
      <file name="txUtil.js" path="/Users/joshalling/personal/web-homework/webapp/src/components/transactions/txUtil.js">
        <metrics statements="18" coveredstatements="18" conditionals="4" coveredconditionals="4" methods="4" coveredmethods="4"/>
        <line num="1" count="2" type="stmt"/>
        <line num="2" count="2" type="stmt"/>
        <line num="3" count="2" type="stmt"/>
        <line num="4" count="2" type="stmt"/>
        <line num="5" count="8" type="stmt"/>
        <line num="6" count="8" type="cond" truecount="2" falsecount="0"/>
        <line num="9" count="2" type="stmt"/>
        <line num="10" count="4" type="stmt"/>
        <line num="12" count="2" type="stmt"/>
        <line num="15" count="2" type="stmt"/>
        <line num="16" count="2" type="stmt"/>
        <line num="17" count="2" type="stmt"/>
        <line num="18" count="2" type="stmt"/>
        <line num="19" count="8" type="stmt"/>
        <line num="20" count="8" type="cond" truecount="2" falsecount="0"/>
        <line num="23" count="2" type="stmt"/>
        <line num="24" count="6" type="stmt"/>
        <line num="26" count="2" type="stmt"/>
      </file>
    </package>
    <package name="gql">
      <metrics statements="3" coveredstatements="3" conditionals="0" coveredconditionals="0" methods="0" coveredmethods="0"/>
      <file name="fragments.js" path="/Users/joshalling/personal/web-homework/webapp/src/gql/fragments.js">
        <metrics statements="3" coveredstatements="3" conditionals="0" coveredconditionals="0" methods="0" coveredmethods="0"/>
        <line num="3" count="2" type="stmt"/>
        <line num="11" count="2" type="stmt"/>
        <line num="18" count="2" type="stmt"/>
      </file>
    </package>
    <package name="hooks.transactions">
      <metrics statements="7" coveredstatements="4" conditionals="2" coveredconditionals="0" methods="3" coveredmethods="2"/>
      <file name="useTxSubscriptions.js" path="/Users/joshalling/personal/web-homework/webapp/src/hooks/transactions/useTxSubscriptions.js">
        <metrics statements="7" coveredstatements="4" conditionals="2" coveredconditionals="0" methods="3" coveredmethods="2"/>
        <line num="5" count="1" type="stmt"/>
        <line num="14" count="1" type="stmt"/>
        <line num="15" count="4" type="stmt"/>
        <line num="16" count="2" type="stmt"/>
        <line num="19" count="0" type="cond" truecount="0" falsecount="2"/>
        <line num="20" count="0" type="stmt"/>
        <line num="21" count="0" type="stmt"/>
      </file>
    </package>
  </project>
</coverage>
