{"/Users/joshalling/personal/web-homework/webapp/src/components/transactions/CreateTx.js": {"path":"/Users/joshalling/personal/web-homework/webapp/src/components/transactions/CreateTx.js","statementMap":{"0":{"start":{"line":7,"column":34},"end":{"line":27,"column":1}},"1":{"start":{"line":29,"column":27},"end":{"line":36,"column":1}},"2":{"start":{"line":38,"column":31},"end":{"line":45,"column":1}},"3":{"start":{"line":47,"column":21},"end":{"line":53,"column":1}},"4":{"start":{"line":56,"column":36},"end":{"line":56,"column":64}},"5":{"start":{"line":57,"column":35},"end":{"line":57,"column":56}},"6":{"start":{"line":58,"column":39},"end":{"line":58,"column":64}},"7":{"start":{"line":59,"column":41},"end":{"line":59,"column":123}},"8":{"start":{"line":59,"column":94},"end":{"line":59,"column":120}},"9":{"start":{"line":61,"column":23},"end":{"line":76,"column":3}},"10":{"start":{"line":62,"column":4},"end":{"line":62,"column":22}},"11":{"start":{"line":63,"column":62},"end":{"line":63,"column":71}},"12":{"start":{"line":64,"column":4},"end":{"line":75,"column":6}},"13":{"start":{"line":67,"column":8},"end":{"line":73,"column":10}},"14":{"start":{"line":70,"column":14},"end":{"line":70,"column":85}},"15":{"start":{"line":78,"column":23},"end":{"line":80,"column":3}},"16":{"start":{"line":79,"column":4},"end":{"line":79,"column":56}},"17":{"start":{"line":79,"column":27},"end":{"line":79,"column":54}},"18":{"start":{"line":82,"column":2},"end":{"line":91,"column":3}}},"fnMap":{"0":{"name":"CreateTx","decl":{"start":{"line":55,"column":9},"end":{"line":55,"column":17}},"loc":{"start":{"line":55,"column":26},"end":{"line":92,"column":1}},"line":55},"1":{"name":"(anonymous_1)","decl":{"start":{"line":59,"column":88},"end":{"line":59,"column":89}},"loc":{"start":{"line":59,"column":94},"end":{"line":59,"column":120}},"line":59},"2":{"name":"(anonymous_2)","decl":{"start":{"line":61,"column":23},"end":{"line":61,"column":24}},"loc":{"start":{"line":61,"column":30},"end":{"line":76,"column":3}},"line":61},"3":{"name":"(anonymous_3)","decl":{"start":{"line":66,"column":14},"end":{"line":66,"column":15}},"loc":{"start":{"line":66,"column":35},"end":{"line":74,"column":7}},"line":66},"4":{"name":"(anonymous_4)","decl":{"start":{"line":69,"column":12},"end":{"line":69,"column":13}},"loc":{"start":{"line":69,"column":36},"end":{"line":71,"column":13}},"line":69},"5":{"name":"(anonymous_5)","decl":{"start":{"line":78,"column":23},"end":{"line":78,"column":24}},"loc":{"start":{"line":78,"column":40},"end":{"line":80,"column":3}},"line":78},"6":{"name":"(anonymous_6)","decl":{"start":{"line":79,"column":17},"end":{"line":79,"column":18}},"loc":{"start":{"line":79,"column":27},"end":{"line":79,"column":54}},"line":79}},"branchMap":{"0":{"loc":{"start":{"line":57,"column":16},"end":{"line":57,"column":30}},"type":"default-arg","locations":[{"start":{"line":57,"column":28},"end":{"line":57,"column":30}}],"line":57},"1":{"loc":{"start":{"line":58,"column":16},"end":{"line":58,"column":34}},"type":"default-arg","locations":[{"start":{"line":58,"column":32},"end":{"line":58,"column":34}}],"line":58}},"s":{"0":1,"1":1,"2":1,"3":1,"4":3,"5":3,"6":3,"7":3,"8":1,"9":3,"10":1,"11":1,"12":1,"13":1,"14":0,"15":3,"16":1,"17":1,"18":3},"f":{"0":3,"1":1,"2":1,"3":1,"4":0,"5":1,"6":1},"b":{"0":[3],"1":[3]},"_coverageSchema":"43e27e138ebf9cfc5966b082cf9a028302ed4184","hash":"a7258372543b15c4336f53641b176b6378f1e9e4"}
,"/Users/joshalling/personal/web-homework/webapp/src/components/transactions/TxCharts.js": {"path":"/Users/joshalling/personal/web-homework/webapp/src/components/transactions/TxCharts.js","statementMap":{"0":{"start":{"line":8,"column":0},"end":{"line":25,"column":1}},"1":{"start":{"line":28,"column":19},"end":{"line":28,"column":24}},"2":{"start":{"line":29,"column":19},"end":{"line":29,"column":44}},"3":{"start":{"line":30,"column":23},"end":{"line":30,"column":52}},"4":{"start":{"line":31,"column":2},"end":{"line":66,"column":3}}},"fnMap":{"0":{"name":"TxCharts","decl":{"start":{"line":27,"column":9},"end":{"line":27,"column":17}},"loc":{"start":{"line":27,"column":26},"end":{"line":67,"column":1}},"line":27}},"branchMap":{},"s":{"0":1,"1":1,"2":1,"3":1,"4":1},"f":{"0":1},"b":{},"_coverageSchema":"43e27e138ebf9cfc5966b082cf9a028302ed4184","hash":"210c8779170e1e729f594da6dffd5faca23f9cf9"}
,"/Users/joshalling/personal/web-homework/webapp/src/components/transactions/TxForm.js": {"path":"/Users/joshalling/personal/web-homework/webapp/src/components/transactions/TxForm.js","statementMap":{"0":{"start":{"line":5,"column":0},"end":{"line":26,"column":1}},"1":{"start":{"line":28,"column":0},"end":{"line":32,"column":1}},"2":{"start":{"line":35,"column":79},"end":{"line":35,"column":84}},"3":{"start":{"line":37,"column":19},"end":{"line":40,"column":3}},"4":{"start":{"line":38,"column":28},"end":{"line":38,"column":36}},"5":{"start":{"line":39,"column":4},"end":{"line":39,"column":29}},"6":{"start":{"line":42,"column":2},"end":{"line":77,"column":3}},"7":{"start":{"line":63,"column":29},"end":{"line":63,"column":108}},"8":{"start":{"line":70,"column":37},"end":{"line":70,"column":107}},"9":{"start":{"line":80,"column":19},"end":{"line":82,"column":1}},"10":{"start":{"line":84,"column":18},"end":{"line":93,"column":1}}},"fnMap":{"0":{"name":"TxForm","decl":{"start":{"line":34,"column":9},"end":{"line":34,"column":15}},"loc":{"start":{"line":34,"column":24},"end":{"line":78,"column":1}},"line":34},"1":{"name":"(anonymous_1)","decl":{"start":{"line":37,"column":19},"end":{"line":37,"column":20}},"loc":{"start":{"line":37,"column":24},"end":{"line":40,"column":3}},"line":37},"2":{"name":"(anonymous_2)","decl":{"start":{"line":63,"column":21},"end":{"line":63,"column":22}},"loc":{"start":{"line":63,"column":29},"end":{"line":63,"column":108}},"line":63},"3":{"name":"(anonymous_3)","decl":{"start":{"line":70,"column":25},"end":{"line":70,"column":26}},"loc":{"start":{"line":70,"column":37},"end":{"line":70,"column":107}},"line":70}},"branchMap":{},"s":{"0":2,"1":2,"2":5,"3":5,"4":2,"5":2,"6":5,"7":1,"8":1,"9":2,"10":2},"f":{"0":5,"1":2,"2":1,"3":1},"b":{},"_coverageSchema":"43e27e138ebf9cfc5966b082cf9a028302ed4184","hash":"4cc6c89d25754b1e70705b95be9f8b9509ad8b87"}
,"/Users/joshalling/personal/web-homework/webapp/src/components/transactions/TxTable.js": {"path":"/Users/joshalling/personal/web-homework/webapp/src/components/transactions/TxTable.js","statementMap":{"0":{"start":{"line":6,"column":15},"end":{"line":14,"column":1}},"1":{"start":{"line":16,"column":23},"end":{"line":16,"column":96}},"2":{"start":{"line":16,"column":53},"end":{"line":16,"column":96}},"3":{"start":{"line":19,"column":28},"end":{"line":19,"column":33}},"4":{"start":{"line":20,"column":2},"end":{"line":52,"column":3}},"5":{"start":{"line":34,"column":128},"end":{"line":34,"column":130}},"6":{"start":{"line":35,"column":35},"end":{"line":35,"column":108}},"7":{"start":{"line":36,"column":12},"end":{"line":46,"column":13}},"8":{"start":{"line":55,"column":0},"end":{"line":73,"column":1}}},"fnMap":{"0":{"name":"(anonymous_0)","decl":{"start":{"line":16,"column":23},"end":{"line":16,"column":24}},"loc":{"start":{"line":16,"column":53},"end":{"line":16,"column":96}},"line":16},"1":{"name":"TxTable","decl":{"start":{"line":18,"column":16},"end":{"line":18,"column":23}},"loc":{"start":{"line":18,"column":32},"end":{"line":53,"column":1}},"line":18},"2":{"name":"(anonymous_2)","decl":{"start":{"line":33,"column":19},"end":{"line":33,"column":20}},"loc":{"start":{"line":33,"column":25},"end":{"line":47,"column":11}},"line":33}},"branchMap":{"0":{"loc":{"start":{"line":35,"column":35},"end":{"line":35,"column":108}},"type":"cond-expr","locations":[{"start":{"line":35,"column":45},"end":{"line":35,"column":74}},{"start":{"line":35,"column":77},"end":{"line":35,"column":108}}],"line":35},"1":{"loc":{"start":{"line":42,"column":63},"end":{"line":42,"column":75}},"type":"binary-expr","locations":[{"start":{"line":42,"column":63},"end":{"line":42,"column":68}},{"start":{"line":42,"column":72},"end":{"line":42,"column":75}}],"line":42},"2":{"loc":{"start":{"line":43,"column":64},"end":{"line":43,"column":77}},"type":"binary-expr","locations":[{"start":{"line":43,"column":64},"end":{"line":43,"column":70}},{"start":{"line":43,"column":74},"end":{"line":43,"column":77}}],"line":43}},"s":{"0":1,"1":1,"2":49,"3":7,"4":7,"5":7,"6":7,"7":7,"8":1},"f":{"0":49,"1":7,"2":7},"b":{"0":[1,6],"1":[7,0],"2":[7,7]},"_coverageSchema":"43e27e138ebf9cfc5966b082cf9a028302ed4184","hash":"d76a4b997e8b9139b760d5fdbde9022373d8b580"}
,"/Users/joshalling/personal/web-homework/webapp/src/components/transactions/txUtil.js": {"path":"/Users/joshalling/personal/web-homework/webapp/src/components/transactions/txUtil.js","statementMap":{"0":{"start":{"line":1,"column":35},"end":{"line":13,"column":1}},"1":{"start":{"line":2,"column":22},"end":{"line":2,"column":24}},"2":{"start":{"line":3,"column":20},"end":{"line":3,"column":22}},"3":{"start":{"line":4,"column":2},"end":{"line":7,"column":4}},"4":{"start":{"line":5,"column":17},"end":{"line":5,"column":59}},"5":{"start":{"line":6,"column":4},"end":{"line":6,"column":85}},"6":{"start":{"line":9,"column":2},"end":{"line":11,"column":3}},"7":{"start":{"line":10,"column":4},"end":{"line":10,"column":52}},"8":{"start":{"line":12,"column":2},"end":{"line":12,"column":18}},"9":{"start":{"line":15,"column":39},"end":{"line":27,"column":1}},"10":{"start":{"line":16,"column":22},"end":{"line":16,"column":24}},"11":{"start":{"line":17,"column":20},"end":{"line":17,"column":22}},"12":{"start":{"line":18,"column":2},"end":{"line":21,"column":4}},"13":{"start":{"line":19,"column":17},"end":{"line":19,"column":33}},"14":{"start":{"line":20,"column":4},"end":{"line":20,"column":85}},"15":{"start":{"line":23,"column":2},"end":{"line":25,"column":3}},"16":{"start":{"line":24,"column":4},"end":{"line":24,"column":52}},"17":{"start":{"line":26,"column":2},"end":{"line":26,"column":18}},"18":{"start":{"line":29,"column":19},"end":{"line":43,"column":1}},"19":{"start":{"line":45,"column":37},"end":{"line":55,"column":1}},"20":{"start":{"line":46,"column":17},"end":{"line":46,"column":19}},"21":{"start":{"line":47,"column":2},"end":{"line":52,"column":3}},"22":{"start":{"line":48,"column":4},"end":{"line":51,"column":5}},"23":{"start":{"line":49,"column":6},"end":{"line":49,"column":19}},"24":{"start":{"line":50,"column":6},"end":{"line":50,"column":26}},"25":{"start":{"line":54,"column":2},"end":{"line":54,"column":17}}},"fnMap":{"0":{"name":"(anonymous_0)","decl":{"start":{"line":1,"column":35},"end":{"line":1,"column":36}},"loc":{"start":{"line":1,"column":45},"end":{"line":13,"column":1}},"line":1},"1":{"name":"(anonymous_1)","decl":{"start":{"line":4,"column":15},"end":{"line":4,"column":16}},"loc":{"start":{"line":4,"column":21},"end":{"line":7,"column":3}},"line":4},"2":{"name":"(anonymous_2)","decl":{"start":{"line":15,"column":39},"end":{"line":15,"column":40}},"loc":{"start":{"line":15,"column":49},"end":{"line":27,"column":1}},"line":15},"3":{"name":"(anonymous_3)","decl":{"start":{"line":18,"column":15},"end":{"line":18,"column":16}},"loc":{"start":{"line":18,"column":21},"end":{"line":21,"column":3}},"line":18},"4":{"name":"(anonymous_4)","decl":{"start":{"line":45,"column":37},"end":{"line":45,"column":38}},"loc":{"start":{"line":45,"column":46},"end":{"line":55,"column":1}},"line":45}},"branchMap":{"0":{"loc":{"start":{"line":6,"column":24},"end":{"line":6,"column":85}},"type":"cond-expr","locations":[{"start":{"line":6,"column":44},"end":{"line":6,"column":73}},{"start":{"line":6,"column":76},"end":{"line":6,"column":85}}],"line":6},"1":{"loc":{"start":{"line":20,"column":24},"end":{"line":20,"column":85}},"type":"cond-expr","locations":[{"start":{"line":20,"column":44},"end":{"line":20,"column":73}},{"start":{"line":20,"column":76},"end":{"line":20,"column":85}}],"line":20}},"s":{"0":3,"1":2,"2":2,"3":2,"4":8,"5":8,"6":2,"7":4,"8":2,"9":3,"10":2,"11":2,"12":2,"13":8,"14":8,"15":2,"16":6,"17":2,"18":3,"19":3,"20":3,"21":3,"22":39,"23":16,"24":16,"25":3},"f":{"0":2,"1":8,"2":2,"3":8,"4":3},"b":{"0":[4,4],"1":[2,6]},"_coverageSchema":"43e27e138ebf9cfc5966b082cf9a028302ed4184","hash":"238028ada0edb8aa97df2904b20e42c63410b7c7"}
,"/Users/joshalling/personal/web-homework/webapp/src/gql/fragments.js": {"path":"/Users/joshalling/personal/web-homework/webapp/src/gql/fragments.js","statementMap":{"0":{"start":{"line":3,"column":30},"end":{"line":9,"column":1}},"1":{"start":{"line":11,"column":38},"end":{"line":16,"column":1}},"2":{"start":{"line":18,"column":34},"end":{"line":34,"column":1}}},"fnMap":{},"branchMap":{},"s":{"0":2,"1":2,"2":2},"f":{},"b":{},"_coverageSchema":"43e27e138ebf9cfc5966b082cf9a028302ed4184","hash":"ec8051fec24b290e11c040ef2512ca5735211f18"}
,"/Users/joshalling/personal/web-homework/webapp/src/hooks/transactions/useTxSubscriptions.js": {"path":"/Users/joshalling/personal/web-homework/webapp/src/hooks/transactions/useTxSubscriptions.js","statementMap":{"0":{"start":{"line":5,"column":39},"end":{"line":12,"column":1}},"1":{"start":{"line":14,"column":27},"end":{"line":25,"column":1}},"2":{"start":{"line":15,"column":2},"end":{"line":24,"column":23}},"3":{"start":{"line":16,"column":4},"end":{"line":23,"column":6}},"4":{"start":{"line":19,"column":8},"end":{"line":19,"column":47}},"5":{"start":{"line":19,"column":36},"end":{"line":19,"column":47}},"6":{"start":{"line":20,"column":31},"end":{"line":20,"column":71}},"7":{"start":{"line":21,"column":8},"end":{"line":21,"column":71}}},"fnMap":{"0":{"name":"(anonymous_0)","decl":{"start":{"line":14,"column":27},"end":{"line":14,"column":28}},"loc":{"start":{"line":14,"column":48},"end":{"line":25,"column":1}},"line":14},"1":{"name":"(anonymous_1)","decl":{"start":{"line":15,"column":18},"end":{"line":15,"column":19}},"loc":{"start":{"line":15,"column":24},"end":{"line":24,"column":3}},"line":15},"2":{"name":"(anonymous_2)","decl":{"start":{"line":18,"column":19},"end":{"line":18,"column":20}},"loc":{"start":{"line":18,"column":51},"end":{"line":22,"column":7}},"line":18}},"branchMap":{"0":{"loc":{"start":{"line":19,"column":8},"end":{"line":19,"column":47}},"type":"if","locations":[{"start":{"line":19,"column":8},"end":{"line":19,"column":47}},{"start":{"line":19,"column":8},"end":{"line":19,"column":47}}],"line":19}},"s":{"0":1,"1":1,"2":4,"3":2,"4":0,"5":0,"6":0,"7":0},"f":{"0":4,"1":2,"2":0},"b":{"0":[0,0]},"_coverageSchema":"43e27e138ebf9cfc5966b082cf9a028302ed4184","hash":"f86525deb0084a3da4e1716e7b4719a490418370"}
}
