TN:
SF:/Users/joshalling/personal/web-homework/webapp/src/components/transactions/CreateTx.js
FN:55,CreateTx
FN:59,(anonymous_1)
FN:61,(anonymous_2)
FN:66,(anonymous_3)
FN:69,(anonymous_4)
FN:78,(anonymous_5)
FN:79,(anonymous_6)
FNF:7
FNH:6
FNDA:3,CreateTx
FNDA:1,(anonymous_1)
FNDA:1,(anonymous_2)
FNDA:1,(anonymous_3)
FNDA:0,(anonymous_4)
FNDA:1,(anonymous_5)
FNDA:1,(anonymous_6)
DA:7,1
DA:29,1
DA:38,1
DA:47,1
DA:56,3
DA:57,3
DA:58,3
DA:59,3
DA:61,3
DA:62,1
DA:63,1
DA:64,1
DA:67,1
DA:70,0
DA:78,3
DA:79,1
DA:82,3
LF:17
LH:16
BRDA:57,0,0,3
BRDA:58,1,0,3
BRF:2
BRH:2
end_of_record
TN:
SF:/Users/joshalling/personal/web-homework/webapp/src/components/transactions/TxCharts.js
FN:27,TxCharts
FNF:1
FNH:1
FNDA:1,TxCharts
DA:8,1
DA:28,1
DA:29,1
DA:30,1
DA:31,1
LF:5
LH:5
BRF:0
BRH:0
end_of_record
TN:
SF:/Users/joshalling/personal/web-homework/webapp/src/components/transactions/TxForm.js
FN:34,TxForm
FN:37,(anonymous_1)
FN:63,(anonymous_2)
FN:70,(anonymous_3)
FNF:4
FNH:4
FNDA:5,TxForm
FNDA:2,(anonymous_1)
FNDA:1,(anonymous_2)
FNDA:1,(anonymous_3)
DA:5,2
DA:28,2
DA:35,5
DA:37,5
DA:38,2
DA:39,2
DA:42,5
DA:63,1
DA:70,1
DA:80,2
DA:84,2
LF:11
LH:11
BRF:0
BRH:0
end_of_record
TN:
SF:/Users/joshalling/personal/web-homework/webapp/src/components/transactions/TxTable.js
FN:15,(anonymous_0)
FN:17,TxTable
FN:31,(anonymous_2)
FNF:3
FNH:3
FNDA:42,(anonymous_0)
FNDA:6,TxTable
FNDA:6,(anonymous_2)
DA:5,1
DA:15,42
DA:18,6
DA:32,6
DA:33,6
DA:52,1
LF:6
LH:6
BRDA:39,0,0,6
BRDA:39,0,1,0
BRDA:40,1,0,6
BRDA:40,1,1,6
BRF:4
BRH:3
end_of_record
TN:
SF:/Users/joshalling/personal/web-homework/webapp/src/components/transactions/txUtil.js
FN:1,(anonymous_0)
FN:4,(anonymous_1)
FN:15,(anonymous_2)
FN:18,(anonymous_3)
FNF:4
FNH:4
FNDA:2,(anonymous_0)
FNDA:8,(anonymous_1)
FNDA:2,(anonymous_2)
FNDA:8,(anonymous_3)
DA:1,2
DA:2,2
DA:3,2
DA:4,2
DA:5,8
DA:6,8
DA:9,2
DA:10,4
DA:12,2
DA:15,2
DA:16,2
DA:17,2
DA:18,2
DA:19,8
DA:20,8
DA:23,2
DA:24,6
DA:26,2
LF:18
LH:18
BRDA:6,0,0,4
BRDA:6,0,1,4
BRDA:20,1,0,2
BRDA:20,1,1,6
BRF:4
BRH:4
end_of_record
TN:
SF:/Users/joshalling/personal/web-homework/webapp/src/gql/fragments.js
FNF:0
FNH:0
DA:3,2
DA:11,2
DA:18,2
LF:3
LH:3
BRF:0
BRH:0
end_of_record
TN:
SF:/Users/joshalling/personal/web-homework/webapp/src/hooks/transactions/useTxSubscriptions.js
FN:14,(anonymous_0)
FN:15,(anonymous_1)
FN:18,(anonymous_2)
FNF:3
FNH:2
FNDA:4,(anonymous_0)
FNDA:2,(anonymous_1)
FNDA:0,(anonymous_2)
DA:5,1
DA:14,1
DA:15,4
DA:16,2
DA:19,0
DA:20,0
DA:21,0
LF:7
LH:4
BRDA:19,0,0,0
BRDA:19,0,1,0
BRF:2
BRH:0
end_of_record
